# JRE version: OpenJDK Runtime Environment (8.0_242-b01) (build 1.8.0_242-release-1644-b01)
# Java VM: OpenJDK 64-Bit Server VM (25.242-b01 mixed mode windows-amd64 compressed oops)
Heap:
 PSYoungGen      total 317440K, used 158202K [0x00000000d5580000, 0x00000000eb080000, 0x0000000100000000)
  eden space 286208K, 44% used [0x00000000d5580000,0x00000000dd181c40,0x00000000e6d00000)
  from space 31232K, 99% used [0x00000000e6d00000,0x00000000e8b7cdd0,0x00000000e8b80000)
  to   space 23552K, 0% used [0x00000000e8b80000,0x00000000e8b80000,0x00000000ea280000)
 ParOldGen       total 211968K, used 102943K [0x0000000080000000, 0x000000008cf00000, 0x00000000d5580000)
  object space 211968K, 48% used [0x0000000080000000,0x0000000086487d80,0x000000008cf00000)
 Metaspace       used 87214K, capacity 91916K, committed 92056K, reserved 1128448K
  class space    used 11952K, capacity 12852K, committed 12976K, reserved 1048576K
GC Heap History (10 events):
Event: 25.111 GC heap before
{Heap before GC invocations=12 (full 3):
 PSYoungGen      total 265728K, used 16868K [0x00000000d5580000, 0x00000000ea280000, 0x0000000100000000)
  eden space 248832K, 0% used [0x00000000d5580000,0x00000000d5580000,0x00000000e4880000)
  from space 16896K, 99% used [0x00000000e4880000,0x00000000e58f9310,0x00000000e5900000)
  to   space 23552K, 0% used [0x00000000e8b80000,0x00000000e8b80000,0x00000000ea280000)
 ParOldGen       total 134144K, used 32706K [0x0000000080000000, 0x0000000088300000, 0x00000000d5580000)
  object space 134144K, 24% used [0x0000000080000000,0x0000000081ff0be0,0x0000000088300000)
 Metaspace       used 56852K, capacity 59080K, committed 59160K, reserved 1099776K
  class space    used 7779K, capacity 8223K, committed 8240K, reserved 1048576K
Event: 25.429 GC heap after
Heap after GC invocations=12 (full 3):
 PSYoungGen      total 265728K, used 0K [0x00000000d5580000, 0x00000000ea280000, 0x0000000100000000)
  eden space 248832K, 0% used [0x00000000d5580000,0x00000000d5580000,0x00000000e4880000)
  from space 16896K, 0% used [0x00000000e4880000,0x00000000e4880000,0x00000000e5900000)
  to   space 23552K, 0% used [0x00000000e8b80000,0x00000000e8b80000,0x00000000ea280000)
 ParOldGen       total 211968K, used 40005K [0x0000000080000000, 0x000000008cf00000, 0x00000000d5580000)
  object space 211968K, 18% used [0x0000000080000000,0x00000000827114a8,0x000000008cf00000)
 Metaspace       used 56852K, capacity 59080K, committed 59160K, reserved 1099776K
  class space    used 7779K, capacity 8223K, committed 8240K, reserved 1048576K
}
Event: 36.112 GC heap before
{Heap before GC invocations=13 (full 3):
 PSYoungGen      total 265728K, used 248832K [0x00000000d5580000, 0x00000000ea280000, 0x0000000100000000)
  eden space 248832K, 100% used [0x00000000d5580000,0x00000000e4880000,0x00000000e4880000)
  from space 16896K, 0% used [0x00000000e4880000,0x00000000e4880000,0x00000000e5900000)
  to   space 23552K, 0% used [0x00000000e8b80000,0x00000000e8b80000,0x00000000ea280000)
 ParOldGen       total 211968K, used 40005K [0x0000000080000000, 0x000000008cf00000, 0x00000000d5580000)
  object space 211968K, 18% used [0x0000000080000000,0x00000000827114a8,0x000000008cf00000)
 Metaspace       used 65509K, capacity 68628K, committed 68760K, reserved 1107968K
  class space    used 9002K, capacity 9629K, committed 9648K, reserved 1048576K
Event: 36.165 GC heap after
Heap after GC invocations=13 (full 3):
 PSYoungGen      total 309760K, used 23549K [0x00000000d5580000, 0x00000000eb080000, 0x0000000100000000)
  eden space 286208K, 0% used [0x00000000d5580000,0x00000000d5580000,0x00000000e6d00000)
  from space 23552K, 99% used [0x00000000e8b80000,0x00000000ea27f658,0x00000000ea280000)
  to   space 31232K, 0% used [0x00000000e6d00000,0x00000000e6d00000,0x00000000e8b80000)
 ParOldGen       total 211968K, used 51424K [0x0000000080000000, 0x000000008cf00000, 0x00000000d5580000)
  object space 211968K, 24% used [0x0000000080000000,0x0000000083238228,0x000000008cf00000)
 Metaspace       used 65509K, capacity 68628K, committed 68760K, reserved 1107968K
  class space    used 9002K, capacity 9629K, committed 9648K, reserved 1048576K
}
Event: 42.790 GC heap before
{Heap before GC invocations=14 (full 3):
 PSYoungGen      total 309760K, used 309757K [0x00000000d5580000, 0x00000000eb080000, 0x0000000100000000)
  eden space 286208K, 100% used [0x00000000d5580000,0x00000000e6d00000,0x00000000e6d00000)
  from space 23552K, 99% used [0x00000000e8b80000,0x00000000ea27f658,0x00000000ea280000)
  to   space 31232K, 0% used [0x00000000e6d00000,0x00000000e6d00000,0x00000000e8b80000)
 ParOldGen       total 211968K, used 51424K [0x0000000080000000, 0x000000008cf00000, 0x00000000d5580000)
  object space 211968K, 24% used [0x0000000080000000,0x0000000083238228,0x000000008cf00000)
 Metaspace       used 70218K, capacity 73446K, committed 73752K, reserved 1112064K
  class space    used 9576K, capacity 10212K, committed 10288K, reserved 1048576K
Event: 42.884 GC heap after
Heap after GC invocations=14 (full 3):
 PSYoungGen      total 317440K, used 14040K [0x00000000d5580000, 0x00000000eb080000, 0x0000000100000000)
  eden space 286208K, 0% used [0x00000000d5580000,0x00000000d5580000,0x00000000e6d00000)
  from space 31232K, 44% used [0x00000000e6d00000,0x00000000e7ab6098,0x00000000e8b80000)
  to   space 23552K, 0% used [0x00000000e8b80000,0x00000000e8b80000,0x00000000ea280000)
 ParOldGen       total 211968K, used 72837K [0x0000000080000000, 0x000000008cf00000, 0x00000000d5580000)
  object space 211968K, 34% used [0x0000000080000000,0x00000000847215f0,0x000000008cf00000)
 Metaspace       used 70218K, capacity 73446K, committed 73752K, reserved 1112064K
  class space    used 9576K, capacity 10212K, committed 10288K, reserved 1048576K
}
Event: 72.772 GC heap before
{Heap before GC invocations=15 (full 3):
 PSYoungGen      total 317440K, used 300248K [0x00000000d5580000, 0x00000000eb080000, 0x0000000100000000)
  eden space 286208K, 100% used [0x00000000d5580000,0x00000000e6d00000,0x00000000e6d00000)
  from space 31232K, 44% used [0x00000000e6d00000,0x00000000e7ab6098,0x00000000e8b80000)
  to   space 23552K, 0% used [0x00000000e8b80000,0x00000000e8b80000,0x00000000ea280000)
 ParOldGen       total 211968K, used 72837K [0x0000000080000000, 0x000000008cf00000, 0x00000000d5580000)
  object space 211968K, 34% used [0x0000000080000000,0x00000000847215f0,0x000000008cf00000)
 Metaspace       used 78591K, capacity 82258K, committed 82456K, reserved 1120256K
  class space    used 10545K, capacity 11231K, committed 11312K, reserved 1048576K
Event: 72.807 GC heap after
Heap after GC invocations=15 (full 3):
 PSYoungGen      total 309760K, used 23550K [0x00000000d5580000, 0x00000000eb080000, 0x0000000100000000)
  eden space 286208K, 0% used [0x00000000d5580000,0x00000000d5580000,0x00000000e6d00000)
  from space 23552K, 99% used [0x00000000e8b80000,0x00000000ea27f930,0x00000000ea280000)
  to   space 31232K, 0% used [0x00000000e6d00000,0x00000000e6d00000,0x00000000e8b80000)
 ParOldGen       total 211968K, used 77623K [0x0000000080000000, 0x000000008cf00000, 0x00000000d5580000)
  object space 211968K, 36% used [0x0000000080000000,0x0000000084bcddd8,0x000000008cf00000)
 Metaspace       used 78591K, capacity 82258K, committed 82456K, reserved 1120256K
  class space    used 10545K, capacity 11231K, committed 11312K, reserved 1048576K
}
Event: 76.074 GC heap before
{Heap before GC invocations=16 (full 3):
 PSYoungGen      total 309760K, used 309758K [0x00000000d5580000, 0x00000000eb080000, 0x0000000100000000)
  eden space 286208K, 100% used [0x00000000d5580000,0x00000000e6d00000,0x00000000e6d00000)
  from space 23552K, 99% used [0x00000000e8b80000,0x00000000ea27f930,0x00000000ea280000)
  to   space 31232K, 0% used [0x00000000e6d00000,0x00000000e6d00000,0x00000000e8b80000)
 ParOldGen       total 211968K, used 77623K [0x0000000080000000, 0x000000008cf00000, 0x00000000d5580000)
  object space 211968K, 36% used [0x0000000080000000,0x0000000084bcddd8,0x000000008cf00000)
 Metaspace       used 80568K, capacity 84396K, committed 84504K, reserved 1122304K
  class space    used 10844K, capacity 11560K, committed 11568K, reserved 1048576K
Event: 76.160 GC heap after
Heap after GC invocations=16 (full 3):
 PSYoungGen      total 317440K, used 31219K [0x00000000d5580000, 0x00000000eb080000, 0x0000000100000000)
  eden space 286208K, 0% used [0x00000000d5580000,0x00000000d5580000,0x00000000e6d00000)
  from space 31232K, 99% used [0x00000000e6d00000,0x00000000e8b7cdd0,0x00000000e8b80000)
  to   space 23552K, 0% used [0x00000000e8b80000,0x00000000e8b80000,0x00000000ea280000)
 ParOldGen       total 211968K, used 102943K [0x0000000080000000, 0x000000008cf00000, 0x00000000d5580000)
  object space 211968K, 48% used [0x0000000080000000,0x0000000086487d80,0x000000008cf00000)
 Metaspace       used 80568K, capacity 84396K, committed 84504K, reserved 1122304K
  class space    used 10844K, capacity 11560K, committed 11568K, reserved 1048576K
}

